{"F:\\Development\\react\\fullstackopen.com\\part5\\bloglist-frontend\\src\\components\\Blog.js": {"path":"F:\\Development\\react\\fullstackopen.com\\part5\\bloglist-frontend\\src\\components\\Blog.js","statementMap":{"0":{"start":{"line":3,"column":13},"end":{"line":37,"column":1}},"1":{"start":{"line":4,"column":33},"end":{"line":4,"column":48}},"2":{"start":{"line":6,"column":20},"end":{"line":12,"column":3}},"3":{"start":{"line":14,"column":27},"end":{"line":16,"column":3}},"4":{"start":{"line":15,"column":4},"end":{"line":15,"column":25}},"5":{"start":{"line":18,"column":2},"end":{"line":36,"column":3}},"6":{"start":{"line":29,"column":35},"end":{"line":29,"column":51}},"7":{"start":{"line":32,"column":33},"end":{"line":32,"column":51}}},"fnMap":{"0":{"name":"(anonymous_0)","decl":{"start":{"line":3,"column":13},"end":{"line":3,"column":14}},"loc":{"start":{"line":3,"column":53},"end":{"line":37,"column":1}},"line":3},"1":{"name":"(anonymous_1)","decl":{"start":{"line":14,"column":27},"end":{"line":14,"column":28}},"loc":{"start":{"line":14,"column":33},"end":{"line":16,"column":3}},"line":14},"2":{"name":"(anonymous_2)","decl":{"start":{"line":29,"column":29},"end":{"line":29,"column":30}},"loc":{"start":{"line":29,"column":35},"end":{"line":29,"column":51}},"line":29},"3":{"name":"(anonymous_3)","decl":{"start":{"line":32,"column":27},"end":{"line":32,"column":28}},"loc":{"start":{"line":32,"column":33},"end":{"line":32,"column":51}},"line":32}},"branchMap":{"0":{"loc":{"start":{"line":22,"column":44},"end":{"line":22,"column":70}},"type":"cond-expr","locations":[{"start":{"line":22,"column":55},"end":{"line":22,"column":61}},{"start":{"line":22,"column":64},"end":{"line":22,"column":70}}],"line":22},"1":{"loc":{"start":{"line":24,"column":7},"end":{"line":34,"column":7}},"type":"cond-expr","locations":[{"start":{"line":24,"column":18},"end":{"line":24,"column":22}},{"start":{"line":25,"column":8},"end":{"line":33,"column":14}}],"line":24}},"s":{"0":1,"1":1,"2":1,"3":1,"4":0,"5":1,"6":0,"7":0},"f":{"0":1,"1":0,"2":0,"3":0},"b":{"0":[1,0],"1":[1,0]},"_coverageSchema":"1a1c01bbd47fc00a2c39e90264f33305004495a9","hash":"79cad63e71f79e7e22c7f79a3e74a93d61427bd8"}
}
